<?xml version="1.0" encoding="UTF-8"?>
<testng-results ignored="0" total="1" passed="1" failed="0" skipped="0">
  <reporter-output>
  </reporter-output>
  <suite started-at="2019-07-24T09:21:40Z" name="Functional_CRM_and_Flow_tests" finished-at="2019-07-24T09:21:46Z" duration-ms="6353">
    <groups>
    </groups>
    <test started-at="2019-07-24T09:21:40Z" name="Functional_CRM_and_Flow_tests" finished-at="2019-07-24T09:21:46Z" duration-ms="6353">
      <class name="Testtest">
        <test-method is-config="true" signature="beforeClass()[pri:0, instance:Testtest@272a179c]" started-at="2019-07-24T09:21:40Z" name="beforeClass" finished-at="2019-07-24T09:21:40Z" duration-ms="59" status="PASS">
          <reporter-output>
          </reporter-output>
        </test-method> <!-- beforeClass -->
        <test-method signature="test()[pri:0, instance:Testtest@272a179c]" started-at="2019-07-24T09:21:40Z" name="test" finished-at="2019-07-24T09:21:46Z" duration-ms="6067" status="PASS">
          <reporter-output>
          </reporter-output>
        </test-method> <!-- test -->
      </class> <!-- Testtest -->
    </test> <!-- Functional_CRM_and_Flow_tests -->
  </suite> <!-- Functional_CRM_and_Flow_tests -->
</testng-results>
